<?xml version="1.0" encoding="UTF-8"?>
<testsuite xmlns:xsi="http://www.w3.org/2001/XMLSchema-instance" xsi:noNamespaceSchemaLocation="https://maven.apache.org/surefire/maven-surefire-plugin/xsd/surefire-test-report-3.0.xsd" version="3.0" name="depchain.consensus.IntrusiveNetworkTest" time="0.797" tests="2" errors="0" skipped="1" failures="0">
  <properties>
[...]
</properties>
  <testcase name="consensusUnderMessageDrop" classname="depchain.consensus.IntrusiveNetworkTest" time="0.794">
    <system-err><![CDATA[[member 0] consensus recv NEW_VIEW from 1
[member 0] consensus recv NEW_VIEW from 3
[member 0] consensus recv NEW_VIEW from 2
[member 0] leader sent PREPARE view 0
[member 1] consensus recv PREPARE from 0
[member 0] consensus recv PREPARE from 0
[member 3] consensus recv PREPARE from 0
[member 2] consensus recv PREPARE from 0
[member 0] consensus recv PREPARE_VOTE from 1
[member 0] consensus recv PREPARE_VOTE from 0
[member 0] consensus recv PREPARE_VOTE from 2
[member 1] consensus recv PRE_COMMIT from 0
[member 0] consensus recv PREPARE_VOTE from 3
[member 3] consensus recv PRE_COMMIT from 0
[member 2] consensus recv PRE_COMMIT from 0
[member 0] consensus recv PRE_COMMIT from 0
[member 0] consensus recv PRE_COMMIT_VOTE from 1
[member 0] consensus recv PRE_COMMIT_VOTE from 3
[member 0] consensus recv PRE_COMMIT_VOTE from 2
[member 1] consensus recv COMMIT from 0
[member 2] consensus recv COMMIT from 0
[member 0] consensus recv PRE_COMMIT_VOTE from 0
[member 0] consensus recv COMMIT from 0
[member 3] consensus recv COMMIT from 0
[member 0] consensus recv COMMIT_VOTE from 2
[member 0] consensus recv COMMIT_VOTE from 1
[member 0] consensus recv COMMIT_VOTE from 0
[member 2] consensus recv DECIDE from 0
[member 1] consensus recv DECIDE from 0
[member 0] consensus recv COMMIT_VOTE from 3
[member 3] consensus recv DECIDE from 0
[member 1] consensus recv NEW_VIEW from 0
[member 0] consensus recv DECIDE from 0
[member 1] consensus recv NEW_VIEW from 2
[member 1] consensus recv NEW_VIEW from 3
]]></system-err>
  </testcase>
  <testcase name="consensusUnderRealDrop" classname="depchain.consensus.IntrusiveNetworkTest" time="0.0">
    <skipped message="Flaky: leader sends phase messages once; if dropped, no retry at consensus layer"/>
  </testcase>
</testsuite>